TN:
SF:models/books.js
FN:5,Object.<anonymous>.module.exports
FN:7,associate
FN:10,<static_initializer>
FN:10,findAllBooksinOrder
FNF:4
FNH:3
FNDA:1,Object.<anonymous>.module.exports
FNDA:1,associate
FNDA:1,<static_initializer>
FNDA:0,findAllBooksinOrder
DA:1,1
DA:2,1
DA:3,1
DA:4,1
DA:5,1
DA:6,1
DA:7,1
DA:8,1
DA:9,1
DA:10,1
DA:11,0
DA:12,1
DA:13,1
DA:14,1
DA:15,1
DA:16,1
DA:17,1
DA:18,1
DA:19,1
DA:20,1
DA:21,1
DA:22,1
DA:23,1
DA:24,1
DA:25,1
LF:25
LH:24
BRDA:5,0,0,1
BRDA:7,1,0,1
BRDA:10,2,0,1
BRF:3
BRH:3
end_of_record
TN:
SF:models/index.js
FNF:0
FNH:0
DA:1,1
DA:2,1
DA:3,1
DA:4,1
DA:5,1
DA:6,1
DA:7,1
DA:8,1
DA:9,1
DA:10,1
DA:11,1
DA:12,1
DA:13,1
DA:14,1
DA:15,0
DA:16,0
DA:17,1
DA:18,1
DA:19,1
DA:20,1
DA:21,1
DA:22,1
DA:23,1
DA:24,1
DA:25,1
DA:26,1
DA:27,1
DA:28,1
DA:29,1
DA:30,1
DA:31,1
DA:32,1
DA:33,1
DA:34,1
DA:35,1
DA:36,1
DA:37,1
DA:38,1
LF:38
LH:36
BRDA:9,0,0,0
BRDA:14,1,0,0
BRDA:23,2,0,2
BRDA:23,3,0,1
BRDA:24,4,0,1
BRDA:29,5,0,1
BRF:6
BRH:4
end_of_record
TN:
SF:src/constants/index.js
FNF:0
FNH:0
DA:1,1
DA:2,1
DA:3,1
DA:4,1
DA:5,1
DA:6,1
DA:7,1
LF:7
LH:7
BRF:0
BRH:0
end_of_record
TN:
SF:src/controllers/fetchBooksData.js
FN:20,getAllBooks
FN:24,getRatingForBookID
FN:29,fetchBooksDataController
FNF:3
FNH:3
FNDA:3,getAllBooks
FNDA:12,getRatingForBookID
FNDA:3,fetchBooksDataController
DA:1,1
DA:2,1
DA:3,1
DA:4,1
DA:5,1
DA:6,1
DA:7,1
DA:8,1
DA:9,1
DA:10,1
DA:11,1
DA:12,1
DA:13,1
DA:14,1
DA:15,1
DA:16,1
DA:17,1
DA:18,1
DA:19,1
DA:20,1
DA:21,3
DA:22,3
DA:23,1
DA:24,1
DA:25,12
DA:26,12
DA:27,1
DA:28,1
DA:29,1
DA:30,3
DA:31,3
DA:32,3
DA:33,3
DA:34,0
DA:35,0
DA:36,3
DA:37,3
DA:38,3
DA:39,3
DA:40,3
DA:41,3
DA:42,3
DA:43,3
DA:44,0
DA:45,0
DA:46,3
DA:47,3
DA:48,3
DA:49,3
DA:50,1
DA:51,1
LF:51
LH:47
BRDA:20,0,0,3
BRDA:24,1,0,12
BRDA:29,2,0,3
BRDA:33,3,0,0
BRDA:43,4,0,0
BRDA:48,5,0,0
BRDA:41,6,0,12
BRDA:46,7,0,12
BRF:8
BRH:5
end_of_record
TN:
SF:src/controllers/saveBooksToDB.js
FN:4,saveBooksToDBController
FNF:1
FNH:1
FNDA:1,saveBooksToDBController
DA:1,1
DA:2,1
DA:3,1
DA:4,1
DA:5,1
DA:6,1
DA:7,1
DA:8,4
DA:9,4
DA:10,4
DA:11,4
DA:12,4
DA:13,1
DA:14,1
DA:15,1
DA:16,1
LF:16
LH:16
BRDA:4,0,0,1
BRDA:5,1,0,1
BRDA:7,2,0,4
BRF:3
BRH:3
end_of_record
TN:
SF:src/utils/index.js
FN:3,formatData
FN:16,mergeData
FNF:2
FNH:1
FNDA:0,formatData
FNDA:3,mergeData
DA:1,1
DA:2,1
DA:3,1
DA:4,0
DA:5,0
DA:6,0
DA:7,0
DA:8,0
DA:9,0
DA:10,0
DA:11,0
DA:12,0
DA:13,0
DA:14,0
DA:15,1
DA:16,1
DA:17,3
DA:18,3
DA:19,1
DA:20,1
LF:20
LH:9
BRDA:16,0,0,3
BRDA:17,1,0,12
BRF:2
BRH:2
end_of_record
